123
123
2022-03-11 23:47:40,676 - __main__ - INFO - 123
123
2022-03-11 23:48:52,517 - __main__ - INFO - 123
2022-03-11 23:48:52,517 - 123
123
2022-03-11 23:49:08,830 - __main__ - INFO - 123
2022-03-11 23:49:08,830 - 123
2022-03-11 23:49:08,830 - 123
2022-03-12 18:13:33,681 - 训练第0折对应的模型
2022-03-12 18:20:57,616 - ***** Running training *****
2022-03-12 18:20:57,616 -   总的样本数量 = 1279
2022-03-12 18:22:07,622 - ***** Running training *****
2022-03-12 18:22:07,623 -   总的样本数量 = 1279
2022-03-12 18:22:16,110 - ***** Running training *****
2022-03-12 18:22:16,110 -   总的样本数量 = 1279
2022-03-12 18:22:16,111 -   epoch数目 = 5
2022-03-12 18:22:16,111 -   train batch size = 32
2022-03-12 18:22:16,111 -   所有epoch总的steps = 200
2022-03-12 18:22:45,705 - ***** Running training *****
2022-03-12 18:22:45,706 -   总的样本数量 = 1279
2022-03-12 18:22:45,706 -   epoch数目 = 5
2022-03-12 18:22:45,706 -   train batch size = 32
2022-03-12 18:22:45,707 -   所有epoch总的steps = 200
2022-03-12 18:23:19,926 - ***** Running training *****
2022-03-12 18:23:19,926 -   总的样本数量 = 1279
2022-03-12 18:23:19,927 -   epoch数目 = 5
2022-03-12 18:23:19,927 -   train batch size = 32
2022-03-12 18:23:19,928 -   所有epoch总的steps = 200
2022-03-12 18:26:49,795 - ***** Running training *****
2022-03-12 18:26:49,795 -   总的样本数量 = 1279
2022-03-12 18:26:49,796 -   epoch数目 = 5
2022-03-12 18:26:49,796 -   train batch size = 32
2022-03-12 18:26:49,796 -   所有epoch总的steps = 200
2022-03-12 18:27:38,922 - ***** Running training *****
2022-03-12 18:27:38,922 -   总的样本数量 = 1279
2022-03-12 18:27:38,923 -   epoch数目 = 5
2022-03-12 18:27:38,923 -   train batch size = 32
2022-03-12 18:27:38,924 -   所有epoch总的steps = 250
2022-03-12 18:27:39,324 - 123
2022-03-12 18:34:33,041 - 训练第0折对应的模型
2022-03-12 18:34:33,162 - ***** Running training *****
2022-03-12 18:34:33,162 -   总的样本数量 = 1279
2022-03-12 18:34:33,163 -   epoch数目 = 5
2022-03-12 18:34:33,163 -   train batch size = 32
2022-03-12 18:34:33,164 -   所有epoch总的steps = 250
2022-03-12 18:34:33,478 - 123
2022-03-12 18:35:52,006 - ***** Running training *****
2022-03-12 18:35:52,006 -   总的样本数量 = 1279
2022-03-12 18:35:52,006 -   epoch数目 = 5
2022-03-12 18:35:52,007 -   train batch size = 32
2022-03-12 18:35:52,007 -   所有epoch总的steps = 250
2022-03-12 19:11:54,299 - ***** Running training *****
2022-03-12 19:11:54,300 -   总的样本数量 = 1599
2022-03-12 19:11:54,302 -   epoch数目 = 5
2022-03-12 19:11:54,304 -   train batch size = 32
2022-03-12 19:11:54,306 -   所有epoch总的steps = 250
2022-03-12 19:13:42,405 - ***** Running training *****
2022-03-12 19:13:42,406 -   总的样本数量 = 1599
2022-03-12 19:13:42,406 -   epoch数目 = 5
2022-03-12 19:13:42,407 -   train batch size = 32
2022-03-12 19:13:42,407 -   所有epoch总的steps = 250
2022-03-12 19:16:12,394 - ***** Running training *****
2022-03-12 19:16:12,394 -   总的样本数量 = 1599
2022-03-12 19:16:12,394 -   epoch数目 = 5
2022-03-12 19:16:12,395 -   train batch size = 32
2022-03-12 19:16:12,395 -   所有epoch总的steps = 250
2022-03-12 19:18:38,857 - ***** Running training *****
2022-03-12 19:18:38,857 -   总的样本数量 = 1599
2022-03-12 19:18:38,858 -   epoch数目 = 10
2022-03-12 19:18:38,859 -   train batch size = 32
2022-03-12 19:18:38,859 -   所有epoch总的steps = 500
2022-03-12 19:19:29,476 - ***** Running training *****
2022-03-12 19:19:29,477 -   总的样本数量 = 1599
2022-03-12 19:19:29,477 -   epoch数目 = 10
2022-03-12 19:19:29,478 -   train batch size = 32
2022-03-12 19:19:29,478 -   所有epoch总的steps = 500
2022-03-12 19:48:04,587 - 训练第0折对应的模型
2022-03-12 19:48:04,587 - 训练第0折对应的模型
2022-03-12 19:55:44,691 - 训练第0折对应的模型
2022-03-12 20:03:15,341 - ***** Running training *****
2022-03-12 20:03:15,341 -   总的样本数量 = 1279
2022-03-12 20:03:15,341 -   epoch数目 = 10
2022-03-12 20:03:15,342 -   train batch size = 32
2022-03-12 20:03:15,342 -   所有epoch总的steps = 500
2022-03-12 20:09:28,938 - ***** Running training *****
2022-03-12 20:09:28,939 -   总的样本数量 = 1279
2022-03-12 20:09:28,939 -   epoch数目 = 10
2022-03-12 20:09:28,940 -   train batch size = 32
2022-03-12 20:09:28,940 -   所有epoch总的steps = 500
2022-03-12 20:10:53,699 - ***** Running training *****
2022-03-12 20:10:53,699 -   总的样本数量 = 1279
2022-03-12 20:10:53,700 -   epoch数目 = 10
2022-03-12 20:10:53,700 -   train batch size = 32
2022-03-12 20:10:53,701 -   所有epoch总的steps = 500
2022-03-12 20:13:21,495 - ***** Running training *****
2022-03-12 20:13:21,496 -   总的样本数量 = 1279
2022-03-12 20:13:21,496 -   epoch数目 = 10
2022-03-12 20:13:21,497 -   train batch size = 32
2022-03-12 20:13:21,497 -   所有epoch总的steps = 500
2022-03-13 00:38:06,393 - ***** Running training *****
2022-03-13 00:38:06,393 -   总的样本数量 = 1279
2022-03-13 00:38:06,393 -   epoch数目 = 10
2022-03-13 00:38:06,394 -   train batch size = 32
2022-03-13 00:38:06,394 -   所有epoch总的steps = 500
2022-03-13 00:47:49,928 - ***** Running training *****
2022-03-13 00:47:49,928 -   总的样本数量 = 1279
2022-03-13 00:47:49,929 -   epoch数目 = 10
2022-03-13 00:47:49,929 -   train batch size = 32
2022-03-13 00:47:49,930 -   所有epoch总的steps = 500
2022-03-13 00:49:35,221 - ***** Running training *****
2022-03-13 00:49:35,223 -   总的样本数量 = 1279
2022-03-13 00:49:35,225 -   epoch数目 = 10
2022-03-13 00:49:35,226 -   train batch size = 32
2022-03-13 00:49:35,228 -   所有epoch总的steps = 500
2022-03-13 00:57:06,038 - 训练第0折对应的模型
2022-03-13 01:09:03,912 - ***** Running training *****
2022-03-13 01:09:03,913 -   总的样本数量 = 1279
2022-03-13 01:09:03,913 -   epoch数目 = 10
2022-03-13 01:09:03,913 -   train batch size = 32
2022-03-13 01:09:03,914 -   所有epoch总的steps = 500
2022-03-13 01:11:21,300 - ***** Running training *****
2022-03-13 01:11:21,300 -   总的样本数量 = 1279
2022-03-13 01:11:21,301 -   epoch数目 = 10
2022-03-13 01:11:21,301 -   train batch size = 32
2022-03-13 01:11:21,301 -   所有epoch总的steps = 500
2022-03-13 10:33:24,874 - ***** Running training *****
2022-03-13 10:33:24,875 -   总的样本数量 = 1279
2022-03-13 10:33:24,876 -   epoch数目 = 10
2022-03-13 10:33:24,878 -   train batch size = 32
2022-03-13 10:33:24,879 -   所有epoch总的steps = 400
2022-03-13 10:34:48,064 - ***** Running training *****
2022-03-13 10:34:48,065 -   总的样本数量 = 1279
2022-03-13 10:34:48,065 -   epoch数目 = 10
2022-03-13 10:34:48,066 -   train batch size = 32
2022-03-13 10:34:48,066 -   所有epoch总的steps = 400
2022-03-13 10:38:24,166 - ***** Running training *****
2022-03-13 10:38:24,166 -   总的样本数量 = 1279
2022-03-13 10:38:24,167 -   epoch数目 = 10
2022-03-13 10:38:24,168 -   train batch size = 32
2022-03-13 10:38:24,168 -   所有epoch总的steps = 400
2022-03-13 11:39:41,569 - 训练第0折对应的模型
2022-03-13 11:40:41,132 - ***** Running training *****
2022-03-13 11:40:41,133 -   总的样本数量 = 1279
2022-03-13 11:40:41,133 -   epoch数目 = 10
2022-03-13 11:40:41,133 -   train batch size = 32
2022-03-13 11:40:41,134 -   所有epoch总的steps = 400
2022-03-13 11:42:48,486 - ***** Running training *****
2022-03-13 11:42:48,486 -   总的样本数量 = 1279
2022-03-13 11:42:48,487 -   epoch数目 = 10
2022-03-13 11:42:48,487 -   train batch size = 32
2022-03-13 11:42:48,488 -   所有epoch总的steps = 400
2022-03-13 11:44:52,809 - ***** Running training *****
2022-03-13 11:44:52,809 -   总的样本数量 = 1279
2022-03-13 11:44:52,810 -   epoch数目 = 10
2022-03-13 11:44:52,810 -   train batch size = 32
2022-03-13 11:44:52,810 -   所有epoch总的steps = 400
2022-03-13 11:48:10,510 - ***** Running training *****
2022-03-13 11:48:10,511 -   总的样本数量 = 1279
2022-03-13 11:48:10,511 -   epoch数目 = 10
2022-03-13 11:48:10,512 -   train batch size = 32
2022-03-13 11:48:10,512 -   所有epoch总的steps = 400
2022-03-13 11:48:44,234 - ***** Running training *****
2022-03-13 11:48:44,236 -   总的样本数量 = 1279
2022-03-13 11:48:44,237 -   epoch数目 = 20
2022-03-13 11:48:44,238 -   train batch size = 32
2022-03-13 11:48:44,239 -   所有epoch总的steps = 800
2022-03-13 11:53:09,611 - 训练第0折对应的模型
2022-03-13 11:53:09,691 - ***** Running training *****
2022-03-13 11:53:09,691 -   总的样本数量 = 1279
2022-03-13 11:53:09,691 -   epoch数目 = 20
2022-03-13 11:53:09,692 -   train batch size = 32
2022-03-13 11:53:09,692 -   所有epoch总的steps = 800
2022-03-13 11:58:43,681 - ***** Running training *****
2022-03-13 11:58:43,682 -   总的样本数量 = 1279
2022-03-13 11:58:43,682 -   epoch数目 = 20
2022-03-13 11:58:43,683 -   train batch size = 32
2022-03-13 11:58:43,683 -   所有epoch总的steps = 800
2022-03-13 12:12:32,817 - 最初的lr:[0.0]
2022-03-13 12:12:32,817 - ***** Running training *****
2022-03-13 12:12:32,818 -   总的样本数量 = 1279
2022-03-13 12:12:32,818 -   epoch数目 = 20
2022-03-13 12:12:32,819 -   train batch size = 32
2022-03-13 12:12:32,819 -   所有epoch总的steps = 800
2022-03-13 12:14:04,077 - ***** Running training *****
2022-03-13 12:14:04,077 -   总的样本数量 = 1279
2022-03-13 12:14:04,078 -   epoch数目 = 20
2022-03-13 12:14:04,078 -   train batch size = 32
2022-03-13 12:14:04,078 -   所有epoch总的steps = 800
2022-03-13 12:15:48,767 - ***** Running training *****
2022-03-13 12:15:48,767 -   总的样本数量 = 1279
2022-03-13 12:15:48,768 -   epoch数目 = 20
2022-03-13 12:15:48,768 -   train batch size = 32
2022-03-13 12:15:48,769 -   所有epoch总的steps = 800
2022-03-13 12:16:20,029 - ***** Running training *****
2022-03-13 12:16:20,030 -   总的样本数量 = 1279
2022-03-13 12:16:20,031 -   epoch数目 = 20
2022-03-13 12:16:20,032 -   train batch size = 32
2022-03-13 12:16:20,033 -   所有epoch总的steps = 800
2022-03-13 12:18:14,468 - ***** Running training *****
2022-03-13 12:18:14,469 -   总的样本数量 = 1279
2022-03-13 12:18:14,470 -   epoch数目 = 20
2022-03-13 12:18:14,470 -   train batch size = 32
2022-03-13 12:18:14,470 -   所有epoch总的steps = 800
2022-03-13 12:19:20,844 - ***** Running training *****
2022-03-13 12:19:20,845 -   总的样本数量 = 1279
2022-03-13 12:19:20,846 -   epoch数目 = 20
2022-03-13 12:19:20,846 -   train batch size = 32
2022-03-13 12:19:20,847 -   所有epoch总的steps = 800
2022-03-13 12:20:45,179 - ***** Running training *****
2022-03-13 12:20:45,179 -   总的样本数量 = 1279
2022-03-13 12:20:45,180 -   epoch数目 = 20
2022-03-13 12:20:45,180 -   train batch size = 32
2022-03-13 12:20:45,181 -   所有epoch总的steps = 800
2022-03-13 12:36:19,399 - ***** Running training *****
2022-03-13 12:36:19,400 -   总的样本数量 = 1279
2022-03-13 12:36:19,400 -   epoch数目 = 20
2022-03-13 12:36:19,400 -   train batch size = 32
2022-03-13 12:36:19,401 -   所有epoch总的steps = 800
2022-03-13 12:37:32,923 - ***** Running training *****
2022-03-13 12:37:32,924 -   总的样本数量 = 1279
2022-03-13 12:37:32,924 -   epoch数目 = 20
2022-03-13 12:37:32,925 -   train batch size = 32
2022-03-13 12:37:32,925 -   所有epoch总的steps = 800
2022-03-13 12:38:36,003 - ***** Running training *****
2022-03-13 12:38:36,003 -   总的样本数量 = 1279
2022-03-13 12:38:36,004 -   epoch数目 = 20
2022-03-13 12:38:36,004 -   train batch size = 32
2022-03-13 12:38:36,004 -   所有epoch总的steps = 800
2022-03-13 12:53:12,275 - 训练第0折对应的模型
2022-03-13 13:01:39,690 - 训练第0折对应的模型
2022-03-13 13:01:39,792 - ***** Running training *****
2022-03-13 13:01:39,793 -   总的样本数量 = 1279
2022-03-13 13:01:39,794 -   epoch数目 = 20
2022-03-13 13:01:39,795 -   train batch size = 32
2022-03-13 13:01:39,795 -   所有epoch总的steps = 800
2022-03-13 17:30:22,315 - ***** Running training *****
2022-03-13 17:30:22,317 -   总的样本数量 = 1279
2022-03-13 17:30:22,319 -   epoch数目 = 20
2022-03-13 17:30:22,320 -   train batch size = 32
2022-03-13 17:30:22,321 -   所有epoch总的steps = 800
2022-03-13 17:31:04,578 - ***** Running training *****
2022-03-13 17:31:04,578 -   总的样本数量 = 1279
2022-03-13 17:31:04,579 -   epoch数目 = 20
2022-03-13 17:31:04,579 -   train batch size = 32
2022-03-13 17:31:04,579 -   所有epoch总的steps = 800
2022-03-13 17:39:14,322 - ***** Running training *****
2022-03-13 17:39:14,322 -   总的样本数量 = 1279
2022-03-13 17:39:14,323 -   epoch数目 = 20
2022-03-13 17:39:14,323 -   train batch size = 32
2022-03-13 17:39:14,324 -   所有epoch总的steps = 800
2022-03-13 17:42:33,996 - ***** Running training *****
2022-03-13 17:42:33,996 -   总的样本数量 = 1279
2022-03-13 17:42:33,997 -   epoch数目 = 20
2022-03-13 17:42:33,997 -   train batch size = 32
2022-03-13 17:42:33,998 -   所有epoch总的steps = 800
2022-03-13 17:43:09,356 - ***** Running training *****
2022-03-13 17:43:09,357 -   总的样本数量 = 1279
2022-03-13 17:43:09,357 -   epoch数目 = 20
2022-03-13 17:43:09,357 -   train batch size = 32
2022-03-13 17:43:09,358 -   所有epoch总的steps = 800
2022-03-13 17:45:00,373 - ***** Running training *****
2022-03-13 17:45:00,375 -   总的样本数量 = 1279
2022-03-13 17:45:00,377 -   epoch数目 = 20
2022-03-13 17:45:00,378 -   train batch size = 32
2022-03-13 17:45:00,380 -   所有epoch总的steps = 800
2022-03-13 17:46:34,077 - ***** Running training *****
2022-03-13 17:46:34,077 -   总的样本数量 = 1279
2022-03-13 17:46:34,078 -   epoch数目 = 20
2022-03-13 17:46:34,078 -   train batch size = 32
2022-03-13 17:46:34,079 -   所有epoch总的steps = 800
2022-03-13 17:48:49,377 - ***** Running training *****
2022-03-13 17:48:49,378 -   总的样本数量 = 1279
2022-03-13 17:48:49,378 -   epoch数目 = 20
2022-03-13 17:48:49,379 -   train batch size = 32
2022-03-13 17:48:49,379 -   所有epoch总的steps = 800
2022-03-13 18:16:30,229 - ***** Running training *****
2022-03-13 18:16:30,230 -   总的样本数量 = 1279
2022-03-13 18:16:30,230 -   epoch数目 = 20
2022-03-13 18:16:30,231 -   train batch size = 32
2022-03-13 18:16:30,231 -   所有epoch总的steps = 800
2022-03-13 19:11:12,318 - 训练第0折对应的模型
2022-03-13 19:13:37,126 - ***** Running training *****
2022-03-13 19:13:37,126 -   总的样本数量 = 1279
2022-03-13 19:13:37,127 -   epoch数目 = 20
2022-03-13 19:13:37,127 -   train batch size = 32
2022-03-13 19:13:37,127 -   所有epoch总的steps = 800
2022-03-13 19:14:49,676 - ***** Running training *****
2022-03-13 19:14:49,676 -   总的样本数量 = 1279
2022-03-13 19:14:49,676 -   epoch数目 = 20
2022-03-13 19:14:49,677 -   train batch size = 32
2022-03-13 19:14:49,677 -   所有epoch总的steps = 800
2022-03-13 19:16:17,041 - ***** Running training *****
2022-03-13 19:16:17,041 -   总的样本数量 = 1279
2022-03-13 19:16:17,042 -   epoch数目 = 20
2022-03-13 19:16:17,042 -   train batch size = 32
2022-03-13 19:16:17,042 -   所有epoch总的steps = 800
2022-03-13 19:18:14,187 - 训练第0折对应的模型
2022-03-13 19:18:14,276 - ***** Running training *****
2022-03-13 19:18:14,276 -   总的样本数量 = 1279
2022-03-13 19:18:14,277 -   epoch数目 = 20
2022-03-13 19:18:14,277 -   train batch size = 32
2022-03-13 19:18:14,277 -   所有epoch总的steps = 800
2022-03-13 19:20:08,124 - ***** Running training *****
2022-03-13 19:20:08,124 -   总的样本数量 = 1279
2022-03-13 19:20:08,124 -   epoch数目 = 20
2022-03-13 19:20:08,125 -   train batch size = 32
2022-03-13 19:20:08,125 -   所有epoch总的steps = 800
2022-03-13 19:21:09,538 - ***** Running training *****
2022-03-13 19:21:09,540 -   总的样本数量 = 1279
2022-03-13 19:21:09,541 -   epoch数目 = 20
2022-03-13 19:21:09,542 -   train batch size = 32
2022-03-13 19:21:09,544 -   所有epoch总的steps = 800
2022-03-13 19:22:09,699 - ***** Running training *****
2022-03-13 19:22:09,700 -   总的样本数量 = 1279
2022-03-13 19:22:09,700 -   epoch数目 = 20
2022-03-13 19:22:09,701 -   train batch size = 32
2022-03-13 19:22:09,701 -   所有epoch总的steps = 800
2022-03-13 19:23:52,875 - ***** Running training *****
2022-03-13 19:23:52,875 -   总的样本数量 = 1279
2022-03-13 19:23:52,876 -   epoch数目 = 20
2022-03-13 19:23:52,876 -   train batch size = 32
2022-03-13 19:23:52,876 -   所有epoch总的steps = 800
2022-03-13 19:32:59,441 - ***** Running training *****
2022-03-13 19:32:59,441 -   总的样本数量 = 1279
2022-03-13 19:32:59,441 -   epoch数目 = 20
2022-03-13 19:32:59,442 -   train batch size = 32
2022-03-13 19:32:59,442 -   所有epoch总的steps = 800
2022-03-13 19:33:36,055 - ***** Running training *****
2022-03-13 19:33:36,056 -   总的样本数量 = 1279
2022-03-13 19:33:36,056 -   epoch数目 = 20
2022-03-13 19:33:36,056 -   train batch size = 32
2022-03-13 19:33:36,057 -   所有epoch总的steps = 800
2022-03-13 19:33:36,334 -   ********************
2022-03-13 19:33:36,335 -   Best dev auc:0.5154
2022-03-13 19:33:36,336 -   ********************
2022-03-13 19:33:36,537 -   ********************
2022-03-13 19:33:36,538 -   Best dev auc:0.5215
2022-03-13 19:33:36,538 -   ********************
2022-03-13 19:33:36,717 -   ********************
2022-03-13 19:33:36,718 -   Best dev auc:0.5294
2022-03-13 19:33:36,718 -   ********************
2022-03-13 19:33:36,903 -   ********************
2022-03-13 19:33:36,904 -   Best dev auc:0.5373
2022-03-13 19:33:36,904 -   ********************
2022-03-13 19:33:37,234 -   ********************
2022-03-13 19:33:37,234 -   Best dev auc:0.5644
2022-03-13 19:33:37,235 -   ********************
2022-03-13 19:33:37,460 -   ********************
2022-03-13 19:33:37,461 -   Best dev auc:0.5805
2022-03-13 19:33:37,461 -   ********************
2022-03-13 19:33:37,720 -   ********************
2022-03-13 19:33:37,721 -   Best dev auc:0.5858
2022-03-13 19:33:37,721 -   ********************
2022-03-13 19:33:37,915 -   ********************
2022-03-13 19:33:37,916 -   Best dev auc:0.5982
2022-03-13 19:33:37,916 -   ********************
2022-03-13 19:33:38,220 -   ********************
2022-03-13 19:33:38,221 -   Best dev auc:0.6108
2022-03-13 19:33:38,221 -   ********************
2022-03-13 19:33:38,405 -   ********************
2022-03-13 19:33:38,405 -   Best dev auc:0.6156
2022-03-13 19:33:38,406 -   ********************
2022-03-13 19:33:40,466 -   ********************
2022-03-13 19:33:40,466 -   Best dev auc:0.6243
2022-03-13 19:33:40,467 -   ********************
2022-03-13 19:33:41,331 -   ********************
2022-03-13 19:33:41,332 -   Best dev auc:0.6256
2022-03-13 19:33:41,333 -   ********************
2022-03-13 19:33:41,659 -   ********************
2022-03-13 19:33:41,660 -   Best dev auc:0.6293
2022-03-13 19:33:41,660 -   ********************
2022-03-13 19:33:41,879 -   ********************
2022-03-13 19:33:41,880 -   Best dev auc:0.6401
2022-03-13 19:33:41,880 -   ********************
2022-03-13 19:33:42,122 -   ********************
2022-03-13 19:33:42,123 -   Best dev auc:0.6508
2022-03-13 19:33:42,123 -   ********************
2022-03-13 19:33:42,308 -   ********************
2022-03-13 19:33:42,309 -   Best dev auc:0.656
2022-03-13 19:33:42,309 -   ********************
2022-03-13 19:33:44,076 -   ********************
2022-03-13 19:33:44,077 -   Best dev auc:0.665
2022-03-13 19:33:44,077 -   ********************
2022-03-13 19:37:40,932 - ***** Running training *****
2022-03-13 19:37:40,932 -   总的样本数量 = 1279
2022-03-13 19:37:40,933 -   epoch数目 = 20
2022-03-13 19:37:40,933 -   train batch size = 32
2022-03-13 19:37:40,933 -   所有epoch总的steps = 800
2022-03-13 19:37:41,214 -   ********************
2022-03-13 19:37:41,214 -   Best dev auc:0.4597
2022-03-13 19:37:41,215 -   ********************
2022-03-13 19:37:41,427 -   ********************
2022-03-13 19:37:41,428 -   Best dev auc:0.4612
2022-03-13 19:37:41,428 -   ********************
2022-03-13 19:37:41,620 -   ********************
2022-03-13 19:37:41,621 -   Best dev auc:0.4637
2022-03-13 19:37:41,621 -   ********************
2022-03-13 19:37:41,855 -   ********************
2022-03-13 19:37:41,856 -   Best dev auc:0.4731
2022-03-13 19:37:41,857 -   ********************
2022-03-13 19:37:42,187 -   ********************
2022-03-13 19:37:42,188 -   Best dev auc:0.4912
2022-03-13 19:37:42,188 -   ********************
2022-03-13 19:37:42,391 -   ********************
2022-03-13 19:37:42,392 -   Best dev auc:0.517
2022-03-13 19:37:42,393 -   ********************
2022-03-13 19:37:42,599 -   ********************
2022-03-13 19:37:42,599 -   Best dev auc:0.5206
2022-03-13 19:37:42,600 -   ********************
2022-03-13 19:37:42,797 -   ********************
2022-03-13 19:37:42,798 -   Best dev auc:0.527
2022-03-13 19:37:42,799 -   ********************
2022-03-13 19:37:43,265 -   ********************
2022-03-13 19:37:43,266 -   Best dev auc:0.5327
2022-03-13 19:37:43,266 -   ********************
2022-03-13 19:37:43,508 -   ********************
2022-03-13 19:37:43,508 -   Best dev auc:0.5588
2022-03-13 19:37:43,509 -   ********************
2022-03-13 19:37:44,604 -   ********************
2022-03-13 19:37:44,605 -   Best dev auc:0.5738
2022-03-13 19:37:44,606 -   ********************
2022-03-13 19:37:45,355 -   ********************
2022-03-13 19:37:45,356 -   Best dev auc:0.5769
2022-03-13 19:37:45,356 -   ********************
2022-03-13 19:37:45,600 -   ********************
2022-03-13 19:37:45,601 -   Best dev auc:0.5792
2022-03-13 19:37:45,601 -   ********************
2022-03-13 19:37:46,095 -   ********************
2022-03-13 19:37:46,096 -   Best dev auc:0.5997
2022-03-13 19:37:46,096 -   ********************
2022-03-13 19:37:46,317 -   ********************
2022-03-13 19:37:46,318 -   Best dev auc:0.607
2022-03-13 19:37:46,318 -   ********************
2022-03-13 19:37:51,384 -   ********************
2022-03-13 19:37:51,385 -   Best dev auc:0.608
2022-03-13 19:37:51,385 -   ********************
2022-03-13 19:37:55,535 -   ********************
2022-03-13 19:37:55,536 -   Best dev auc:0.6085
2022-03-13 19:37:55,538 -   ********************
2022-03-13 19:37:55,770 -   ********************
2022-03-13 19:37:55,770 -   Best dev auc:0.6136
2022-03-13 19:37:55,771 -   ********************
2022-03-13 19:37:57,740 -   ********************
2022-03-13 19:37:57,741 -   Best dev auc:0.6154
2022-03-13 19:37:57,741 -   ********************
2022-03-13 19:40:29,068 - ***** Running training *****
2022-03-13 19:40:29,069 -   总的样本数量 = 1279
2022-03-13 19:40:29,069 -   epoch数目 = 20
2022-03-13 19:40:29,070 -   train batch size = 32
2022-03-13 19:40:29,071 -   所有epoch总的steps = 800
2022-03-13 19:40:29,329 -   ********************
2022-03-13 19:40:29,330 -   Best dev auc:0.4782
2022-03-13 19:40:29,330 -   ********************
2022-03-13 19:40:29,530 -   ********************
2022-03-13 19:40:29,530 -   Best dev auc:0.4789
2022-03-13 19:40:29,531 -   ********************
2022-03-13 19:40:29,743 -   ********************
2022-03-13 19:40:29,744 -   Best dev auc:0.4807
2022-03-13 19:40:29,744 -   ********************
2022-03-13 19:40:29,931 -   ********************
2022-03-13 19:40:29,931 -   Best dev auc:0.4828
2022-03-13 19:40:29,932 -   ********************
2022-03-13 19:40:30,242 -   ********************
2022-03-13 19:40:30,242 -   Best dev auc:0.4879
2022-03-13 19:40:30,243 -   ********************
2022-03-13 19:40:30,450 -   ********************
2022-03-13 19:40:30,451 -   Best dev auc:0.4893
2022-03-13 19:40:30,451 -   ********************
2022-03-13 19:40:30,826 -   ********************
2022-03-13 19:40:30,827 -   Best dev auc:0.492
2022-03-13 19:40:30,828 -   ********************
2022-03-13 19:40:31,179 -   ********************
2022-03-13 19:40:31,180 -   Best dev auc:0.4922
2022-03-13 19:40:31,180 -   ********************
2022-03-13 19:40:31,390 -   ********************
2022-03-13 19:40:31,390 -   Best dev auc:0.4926
2022-03-13 19:40:31,391 -   ********************
2022-03-13 19:40:32,122 -   ********************
2022-03-13 19:40:32,123 -   Best dev auc:0.4963
2022-03-13 19:40:32,123 -   ********************
2022-03-13 19:40:32,317 -   ********************
2022-03-13 19:40:32,317 -   Best dev auc:0.4969
2022-03-13 19:40:32,318 -   ********************
2022-03-13 19:40:32,505 -   ********************
2022-03-13 19:40:32,507 -   Best dev auc:0.4996
2022-03-13 19:40:32,507 -   ********************
2022-03-13 19:40:32,719 -   ********************
2022-03-13 19:40:32,720 -   Best dev auc:0.5012
2022-03-13 19:40:32,720 -   ********************
2022-03-13 19:40:33,105 -   ********************
2022-03-13 19:40:33,106 -   Best dev auc:0.5031
2022-03-13 19:40:33,106 -   ********************
2022-03-13 19:40:33,292 -   ********************
2022-03-13 19:40:33,293 -   Best dev auc:0.5047
2022-03-13 19:40:33,293 -   ********************
2022-03-13 19:40:34,075 -   ********************
2022-03-13 19:40:34,076 -   Best dev auc:0.505
2022-03-13 19:40:34,077 -   ********************
2022-03-13 19:40:34,261 -   ********************
2022-03-13 19:40:34,262 -   Best dev auc:0.506
2022-03-13 19:40:34,262 -   ********************
2022-03-13 19:40:34,463 -   ********************
2022-03-13 19:40:34,464 -   Best dev auc:0.5073
2022-03-13 19:40:34,466 -   ********************
2022-03-13 19:40:34,706 -   ********************
2022-03-13 19:40:34,707 -   Best dev auc:0.5078
2022-03-13 19:40:34,707 -   ********************
2022-03-13 19:40:35,060 -   ********************
2022-03-13 19:40:35,061 -   Best dev auc:0.509
2022-03-13 19:40:35,062 -   ********************
2022-03-13 19:40:35,284 -   ********************
2022-03-13 19:40:35,285 -   Best dev auc:0.5096
2022-03-13 19:40:35,285 -   ********************
2022-03-13 19:40:35,512 -   ********************
2022-03-13 19:40:35,513 -   Best dev auc:0.5108
2022-03-13 19:40:35,513 -   ********************
2022-03-13 19:40:35,706 -   ********************
2022-03-13 19:40:35,707 -   Best dev auc:0.5126
2022-03-13 19:40:35,707 -   ********************
2022-03-13 19:40:36,047 -   ********************
2022-03-13 19:40:36,048 -   Best dev auc:0.5133
2022-03-13 19:40:36,048 -   ********************
2022-03-13 19:40:36,251 -   ********************
2022-03-13 19:40:36,252 -   Best dev auc:0.5139
2022-03-13 19:40:36,252 -   ********************
2022-03-13 19:40:36,461 -   ********************
2022-03-13 19:40:36,461 -   Best dev auc:0.515
2022-03-13 19:40:36,462 -   ********************
2022-03-13 19:40:36,661 -   ********************
2022-03-13 19:40:36,662 -   Best dev auc:0.5157
2022-03-13 19:40:36,663 -   ********************
2022-03-13 19:40:37,015 -   ********************
2022-03-13 19:40:37,016 -   Best dev auc:0.5162
2022-03-13 19:40:37,016 -   ********************
2022-03-13 19:40:37,225 -   ********************
2022-03-13 19:40:37,226 -   Best dev auc:0.5175
2022-03-13 19:40:37,226 -   ********************
2022-03-13 19:40:37,424 -   ********************
2022-03-13 19:40:37,425 -   Best dev auc:0.5183
2022-03-13 19:40:37,426 -   ********************
2022-03-13 19:40:37,956 -   ********************
2022-03-13 19:40:37,957 -   Best dev auc:0.5193
2022-03-13 19:40:37,957 -   ********************
2022-03-13 19:40:38,155 -   ********************
2022-03-13 19:40:38,156 -   Best dev auc:0.5201
2022-03-13 19:40:38,157 -   ********************
2022-03-13 19:40:38,389 -   ********************
2022-03-13 19:40:38,390 -   Best dev auc:0.5206
2022-03-13 19:40:38,390 -   ********************
2022-03-13 19:40:38,601 -   ********************
2022-03-13 19:40:38,602 -   Best dev auc:0.5209
2022-03-13 19:40:38,602 -   ********************
2022-03-13 19:40:38,945 -   ********************
2022-03-13 19:40:38,945 -   Best dev auc:0.5217
2022-03-13 19:40:38,946 -   ********************
2022-03-13 19:40:39,116 -   ********************
2022-03-13 19:40:39,117 -   Best dev auc:0.5224
2022-03-13 19:40:39,117 -   ********************
2022-03-13 19:40:39,335 -   ********************
2022-03-13 19:40:39,336 -   Best dev auc:0.5228
2022-03-13 19:40:39,336 -   ********************
2022-03-13 19:40:39,539 -   ********************
2022-03-13 19:40:39,540 -   Best dev auc:0.5233
2022-03-13 19:40:39,541 -   ********************
2022-03-13 19:40:40,415 -   ********************
2022-03-13 19:40:40,416 -   Best dev auc:0.5235
2022-03-13 19:40:40,417 -   ********************
2022-03-13 19:40:40,758 -   ********************
2022-03-13 19:40:40,759 -   Best dev auc:0.5242
2022-03-13 19:40:40,760 -   ********************
2022-03-13 19:40:40,980 -   ********************
2022-03-13 19:40:40,981 -   Best dev auc:0.5274
2022-03-13 19:40:40,981 -   ********************
2022-03-13 19:40:41,364 -   ********************
2022-03-13 19:40:41,365 -   Best dev auc:0.5286
2022-03-13 19:40:41,367 -   ********************
2022-03-13 19:40:41,681 -   ********************
2022-03-13 19:40:41,682 -   Best dev auc:0.5292
2022-03-13 19:40:41,682 -   ********************
2022-03-13 19:40:41,905 -   ********************
2022-03-13 19:40:41,906 -   Best dev auc:0.5302
2022-03-13 19:40:41,906 -   ********************
2022-03-13 19:40:42,065 -   ********************
2022-03-13 19:40:42,066 -   Best dev auc:0.5304
2022-03-13 19:40:42,067 -   ********************
2022-03-13 19:40:42,254 -   ********************
2022-03-13 19:40:42,255 -   Best dev auc:0.5306
2022-03-13 19:40:42,255 -   ********************
2022-03-13 19:40:43,108 -   ********************
2022-03-13 19:40:43,108 -   Best dev auc:0.5317
2022-03-13 19:40:43,109 -   ********************
2022-03-13 19:40:43,388 -   ********************
2022-03-13 19:40:43,389 -   Best dev auc:0.5335
2022-03-13 19:40:43,389 -   ********************
2022-03-13 19:40:43,578 -   ********************
2022-03-13 19:40:43,578 -   Best dev auc:0.534
2022-03-13 19:40:43,579 -   ********************
2022-03-13 19:40:43,820 -   ********************
2022-03-13 19:40:43,820 -   Best dev auc:0.5341
2022-03-13 19:40:43,821 -   ********************
2022-03-13 19:40:44,003 -   ********************
2022-03-13 19:40:44,004 -   Best dev auc:0.5341
2022-03-13 19:40:44,005 -   ********************
2022-03-13 19:40:44,352 -   ********************
2022-03-13 19:40:44,352 -   Best dev auc:0.5345
2022-03-13 19:40:44,353 -   ********************
2022-03-13 19:40:44,910 -   ********************
2022-03-13 19:40:44,911 -   Best dev auc:0.5355
2022-03-13 19:40:44,911 -   ********************
2022-03-13 19:40:45,231 -   ********************
2022-03-13 19:40:45,232 -   Best dev auc:0.538
2022-03-13 19:40:45,233 -   ********************
2022-03-13 19:40:45,639 -   ********************
2022-03-13 19:40:45,640 -   Best dev auc:0.5383
2022-03-13 19:40:45,641 -   ********************
2022-03-13 19:40:45,862 -   ********************
2022-03-13 19:40:45,863 -   Best dev auc:0.5401
2022-03-13 19:40:45,863 -   ********************
2022-03-13 19:40:46,196 -   ********************
2022-03-13 19:40:46,197 -   Best dev auc:0.5402
2022-03-13 19:40:46,197 -   ********************
2022-03-13 19:40:46,399 -   ********************
2022-03-13 19:40:46,399 -   Best dev auc:0.5403
2022-03-13 19:40:46,400 -   ********************
2022-03-13 19:40:46,592 -   ********************
2022-03-13 19:40:46,592 -   Best dev auc:0.5409
2022-03-13 19:40:46,593 -   ********************
2022-03-13 19:40:46,796 -   ********************
2022-03-13 19:40:46,796 -   Best dev auc:0.5411
2022-03-13 19:40:46,797 -   ********************
2022-03-13 19:40:47,313 -   ********************
2022-03-13 19:40:47,314 -   Best dev auc:0.5417
2022-03-13 19:40:47,314 -   ********************
2022-03-13 19:42:25,017 - ***** Running training *****
2022-03-13 19:42:25,018 -   总的样本数量 = 1279
2022-03-13 19:42:25,018 -   epoch数目 = 20
2022-03-13 19:42:25,018 -   train batch size = 32
2022-03-13 19:42:25,019 -   所有epoch总的steps = 800
2022-03-13 19:42:25,351 -   ********************
2022-03-13 19:42:25,352 -   Best dev auc:0.4783
2022-03-13 19:42:25,352 -   ********************
2022-03-13 19:42:25,589 -   ********************
2022-03-13 19:42:25,590 -   Best dev auc:0.4805
2022-03-13 19:42:25,590 -   ********************
2022-03-13 19:42:25,816 -   ********************
2022-03-13 19:42:25,816 -   Best dev auc:0.486
2022-03-13 19:42:25,817 -   ********************
2022-03-13 19:42:26,051 -   ********************
2022-03-13 19:42:26,052 -   Best dev auc:0.492
2022-03-13 19:42:26,052 -   ********************
2022-03-13 19:42:26,380 -   ********************
2022-03-13 19:42:26,381 -   Best dev auc:0.502
2022-03-13 19:42:26,382 -   ********************
2022-03-13 19:42:26,594 -   ********************
2022-03-13 19:42:26,595 -   Best dev auc:0.5254
2022-03-13 19:42:26,596 -   ********************
2022-03-13 19:42:26,813 -   ********************
2022-03-13 19:42:26,813 -   Best dev auc:0.5389
2022-03-13 19:42:26,814 -   ********************
2022-03-13 19:42:27,027 -   ********************
2022-03-13 19:42:27,028 -   Best dev auc:0.5395
2022-03-13 19:42:27,028 -   ********************
2022-03-13 19:42:27,369 -   ********************
2022-03-13 19:42:27,370 -   Best dev auc:0.5405
2022-03-13 19:42:27,370 -   ********************
2022-03-13 19:42:27,606 -   ********************
2022-03-13 19:42:27,607 -   Best dev auc:0.5456
2022-03-13 19:42:27,608 -   ********************
2022-03-13 19:42:27,815 -   ********************
2022-03-13 19:42:27,815 -   Best dev auc:0.5527
2022-03-13 19:42:27,815 -   ********************
2022-03-13 19:42:28,295 -   ********************
2022-03-13 19:42:28,296 -   Best dev auc:0.5573
2022-03-13 19:42:28,296 -   ********************
2022-03-13 19:42:28,689 -   ********************
2022-03-13 19:42:28,689 -   Best dev auc:0.5599
2022-03-13 19:42:28,690 -   ********************
2022-03-13 19:42:28,910 -   ********************
2022-03-13 19:42:28,911 -   Best dev auc:0.5686
2022-03-13 19:42:28,911 -   ********************
2022-03-13 19:42:29,405 -   ********************
2022-03-13 19:42:29,405 -   Best dev auc:0.5729
2022-03-13 19:42:29,406 -   ********************
2022-03-13 19:42:29,602 -   ********************
2022-03-13 19:42:29,602 -   Best dev auc:0.577
2022-03-13 19:42:29,603 -   ********************
2022-03-13 19:42:29,801 -   ********************
2022-03-13 19:42:29,802 -   Best dev auc:0.5833
2022-03-13 19:42:29,803 -   ********************
2022-03-13 19:42:30,259 -   ********************
2022-03-13 19:42:30,260 -   Best dev auc:0.5861
2022-03-13 19:42:30,261 -   ********************
2022-03-13 19:42:30,932 -   ********************
2022-03-13 19:42:30,933 -   Best dev auc:0.5892
2022-03-13 19:42:30,933 -   ********************
2022-03-13 19:42:32,148 -   ********************
2022-03-13 19:42:32,149 -   Best dev auc:0.5927
2022-03-13 19:42:32,149 -   ********************
2022-03-13 19:42:36,726 -   ********************
2022-03-13 19:42:36,727 -   Best dev auc:0.6049
2022-03-13 19:42:36,727 -   ********************
2022-03-13 19:42:41,973 -   ********************
2022-03-13 19:42:41,973 -   Best dev auc:0.6052
2022-03-13 19:42:41,974 -   ********************
2022-03-13 20:01:07,497 - ***** Running training *****
2022-03-13 20:01:07,498 -   总的样本数量 = 1279
2022-03-13 20:01:07,498 -   epoch数目 = 20
2022-03-13 20:01:07,499 -   train batch size = 32
2022-03-13 20:01:07,499 -   所有epoch总的steps = 800
2022-03-13 20:01:39,421 - ***** Running training *****
2022-03-13 20:01:39,421 -   总的样本数量 = 1279
2022-03-13 20:01:39,422 -   epoch数目 = 20
2022-03-13 20:01:39,422 -   train batch size = 32
2022-03-13 20:01:39,422 -   所有epoch总的steps = 800
2022-03-13 20:01:39,715 -   ********************
2022-03-13 20:01:39,716 -   Best dev auc:0.5544
2022-03-13 20:01:39,717 -   ********************
2022-03-13 20:01:39,930 -   ********************
2022-03-13 20:01:39,930 -   Best dev auc:0.5571
2022-03-13 20:01:39,931 -   ********************
2022-03-13 20:01:40,161 -   ********************
2022-03-13 20:01:40,162 -   Best dev auc:0.5584
2022-03-13 20:01:40,162 -   ********************
2022-03-13 20:01:40,368 -   ********************
2022-03-13 20:01:40,369 -   Best dev auc:0.5625
2022-03-13 20:01:40,369 -   ********************
2022-03-13 20:01:40,843 -   ********************
2022-03-13 20:01:40,844 -   Best dev auc:0.5694
2022-03-13 20:01:40,845 -   ********************
2022-03-13 20:01:41,077 -   ********************
2022-03-13 20:01:41,078 -   Best dev auc:0.5749
2022-03-13 20:01:41,078 -   ********************
2022-03-13 20:01:41,298 -   ********************
2022-03-13 20:01:41,299 -   Best dev auc:0.5799
2022-03-13 20:01:41,299 -   ********************
2022-03-13 20:01:41,521 -   ********************
2022-03-13 20:01:41,521 -   Best dev auc:0.5836
2022-03-13 20:01:41,522 -   ********************
2022-03-13 20:01:42,029 -   ********************
2022-03-13 20:01:42,030 -   Best dev auc:0.589
2022-03-13 20:01:42,030 -   ********************
2022-03-13 20:01:42,263 -   ********************
2022-03-13 20:01:42,264 -   Best dev auc:0.5932
2022-03-13 20:01:42,264 -   ********************
2022-03-13 20:01:42,482 -   ********************
2022-03-13 20:01:42,482 -   Best dev auc:0.5974
2022-03-13 20:01:42,483 -   ********************
2022-03-13 20:01:42,691 -   ********************
2022-03-13 20:01:42,692 -   Best dev auc:0.6014
2022-03-13 20:01:42,693 -   ********************
2022-03-13 20:01:43,189 -   ********************
2022-03-13 20:01:43,190 -   Best dev auc:0.6043
2022-03-13 20:01:43,190 -   ********************
2022-03-13 20:01:43,409 -   ********************
2022-03-13 20:01:43,409 -   Best dev auc:0.6079
2022-03-13 20:01:43,410 -   ********************
2022-03-13 20:01:43,624 -   ********************
2022-03-13 20:01:43,624 -   Best dev auc:0.6099
2022-03-13 20:01:43,625 -   ********************
2022-03-13 20:01:44,210 -   ********************
2022-03-13 20:01:44,210 -   Best dev auc:0.614
2022-03-13 20:01:44,211 -   ********************
2022-03-13 20:01:44,409 -   ********************
2022-03-13 20:01:44,410 -   Best dev auc:0.6178
2022-03-13 20:01:44,411 -   ********************
2022-03-13 20:01:44,627 -   ********************
2022-03-13 20:01:44,627 -   Best dev auc:0.6183
2022-03-13 20:01:44,628 -   ********************
2022-03-13 20:01:45,362 -   ********************
2022-03-13 20:01:45,363 -   Best dev auc:0.619
2022-03-13 20:01:45,364 -   ********************
2022-03-13 20:01:45,587 -   ********************
2022-03-13 20:01:45,588 -   Best dev auc:0.6247
2022-03-13 20:01:45,589 -   ********************
2022-03-13 20:01:45,791 -   ********************
2022-03-13 20:01:45,792 -   Best dev auc:0.6329
2022-03-13 20:01:45,792 -   ********************
2022-03-13 20:01:47,434 -   ********************
2022-03-13 20:01:47,435 -   Best dev auc:0.6337
2022-03-13 20:01:47,436 -   ********************
2022-03-13 20:01:48,654 -   ********************
2022-03-13 20:01:48,655 -   Best dev auc:0.6346
2022-03-13 20:01:48,656 -   ********************
2022-03-13 20:01:51,866 -   ********************
2022-03-13 20:01:51,867 -   Best dev auc:0.6392
2022-03-13 20:01:51,867 -   ********************
